d:\antonija\faks\oop\oop_vjezbe\vjezba5\zadatak\debug\vc141.pdb
d:\antonija\faks\oop\oop_vjezbe\vjezba5\zadatak\debug\vc141.idb
d:\antonija\faks\oop\oop_vjezbe\vjezba5\zadatak\debug\main.obj
d:\antonija\faks\oop\oop_vjezbe\vjezba5\zadatak\debug\fun.obj
c:\users\strojari\desktop\vjezba5\zadatak\debug\vc141.pdb
c:\users\strojari\desktop\vjezba5\zadatak\debug\vc141.idb
c:\users\strojari\desktop\vjezba5\zadatak\debug\main.obj
c:\users\strojari\desktop\vjezba5\zadatak\debug\fun.obj
d:\antonija\faks\oop\oop_vjezbe\vjezba5\debug\zadatak.exe
d:\antonija\faks\oop\oop_vjezbe\vjezba5\debug\zadatak.ilk
d:\antonija\faks\oop\oop_vjezbe\vjezba5\debug\zadatak.pdb
c:\users\strojari\desktop\vjezba5\debug\zadatak.exe
c:\users\strojari\desktop\vjezba5\debug\zadatak.ilk
c:\users\strojari\desktop\vjezba5\debug\zadatak.pdb
c:\users\strojari\desktop\vjezba5\zadatak\debug\zadatak.tlog\cl.command.1.tlog
c:\users\strojari\desktop\vjezba5\zadatak\debug\zadatak.tlog\cl.read.1.tlog
c:\users\strojari\desktop\vjezba5\zadatak\debug\zadatak.tlog\cl.write.1.tlog
c:\users\strojari\desktop\vjezba5\zadatak\debug\zadatak.tlog\link.command.1.tlog
c:\users\strojari\desktop\vjezba5\zadatak\debug\zadatak.tlog\link.read.1.tlog
c:\users\strojari\desktop\vjezba5\zadatak\debug\zadatak.tlog\link.write.1.tlog
